MiniDumpType:0;
Time:2024-08-06 09:51:32;
Thread ID:0x00008184;
ExceptionAddress:0x14A782;
ExceptionCode:0xE06D7363;
RetAddr:ModName:Args to Child;
[0x14a782]:[0x77650000]:[KERNELBASE.dll]:[0xE06D7363,0x1,0x0,0x7779A782];
[0x49C5]:[0x73370000]:[VCRUNTIME140.dll]:[0xE06D7363,0x1,0x3,0x191694];
[0x5002A]:[0x00400000]:[AndroidEmulatorEn.exe]:[0x1916B0,0x6989C0,0x61FA50,0x1B7D5950];
[0x4F35]:[0x73370000]:[VCRUNTIME140.dll]:[0x23466564,0x4FA233,0x1916E0,0x97ADBFA3];
[0xFAE84]:[0x00400000]:[AndroidEmulatorEn.exe]:[0x10,0x0,0x0,0x191A54];
[0x4FA3A]:[0x66BC0000]:[cef_frame.dll]:[0x191790,0x191794,0x191798,0x191A54];
[0x4F01E]:[0x66BC0000]:[cef_frame.dll]:[0x10,0x0,0x0,0x191A54];
[0x4A4FD]:[0x66BC0000]:[cef_frame.dll]:[0x10,0x0,0x0,0x191A54];
[0x336D3]:[0x771E0000]:[USER32.dll]:[0x10828,0x10,0x0,0x0];
[0x244E6]:[0x771E0000]:[USER32.dll]:[0x66C0A370,0x10828,0x10,0x0];
[0x22DA5]:[0x771E0000]:[USER32.dll]:[0x66C0A370,0x0,0x10,0x0];
[0x228F0]:[0x771E0000]:[USER32.dll]:[0x10,0x191E54,0x451E97,0x191C28];
[0x51E97]:[0x00400000]:[AndroidEmulatorEn.exe]:[0x191C28,0xFFFFFFFF,0x1BA20640,0x10828];
[0x74805]:[0x00400000]:[AndroidEmulatorEn.exe]:[0x1,0x4C,0x69614D43,0x6E6F436E];
[0x593D7]:[0x00400000]:[AndroidEmulatorEn.exe]:[0x1BA20640,0x97AD892B,0x0,0x6062F8];
[0x1C2F78]:[0x00400000]:[AndroidEmulatorEn.exe]:[0x400000,0x0,0x1255F30,0xA];
[0x8E5021]:[0x00400000]:[AndroidEmulatorEn.exe]:[0x2440975A,0x400000,0x8834,0x766A0000];
[0x499A0]:[0x77960000]:[ntdll.dll]:[0x19E8AC,0x779DC6C0,0x19E8EC,0x1A00FC];
[0x17BA9]:[0x766A0000]:[KERNEL32.DLL]:[0x362000,0x766B7B90,0x19FFDC,0x779CC10B];
[0x6C10B]:[0x77960000]:[ntdll.dll]:[0x362000,0x1B73CC17,0x0,0x0];
[0x6C08F]:[0x77960000]:[ntdll.dll]:[0xFFFFFFFF,0x779F9E68,0x0,0x0];
[0x0]:[0x00400000]:[AndroidEmulatorEn.exe]:[0x7E457F,0x362000,0x0,0x78746341];
MiniDumpType:0;
Time:2024-08-16 05:08:43;
Thread ID:0x00009600;
ExceptionAddress:0x156AB3;
ExceptionCode:0xC0000005;
RetAddr:ModName:Args to Child;
[0x156ab3]:[0x5B270000]:[atioglxx.dll]:[0x49909060,0x4F5DFEC4,0x4EBC5040,0x4E60B040];
[0x624582]:[0x5B270000]:[atioglxx.dll]:[0x49909060,0x4E00B040,0x4EBC5040,0x0];
[0x129BA2]:[0x5B270000]:[atioglxx.dll]:[0x4EBC0101,0x5B399BA2,0x501,0x4F5DFEC8];
[0x129BA2]:[0x5B270000]:[atioglxx.dll]:[0x501,0x4F5DFEC8,0x5B8FE37C,0x4E60B040];
[0xFFEC8]:[0x00000000]:[unknown module]:[0x5B8FE37C,0x4E60B040,0x49909060,0x5B8FC93C];
[0x68E37C]:[0x5B270000]:[atioglxx.dll]:[0x4E60B040,0x49909060,0x5B8FC93C,0x4E60B040];
[0x5F110F]:[0x5B270000]:[atioglxx.dll]:[0x4EBC5040,0x4F18A598,0x4776B028,0x41550928];
[0x3AFBDD]:[0x5B270000]:[atioglxx.dll]:[0x4EBC5040,0xF7EF8A14,0x5B61FBB0,0x4F5DFF64];
[0x1A84EE2]:[0x5B270000]:[atioglxx.dll]:[0x41550928,0xF7EF8A5C,0x830D40,0x830D40];
[0x17BA9]:[0x75FB0000]:[KERNEL32.DLL]:[0x4776B028,0x75FC7B90,0x4F5DFFDC,0x7761C10B];
[0x6C10B]:[0x775B0000]:[ntdll.dll]:[0x41550938,0x3907CE71,0x0,0x0];
[0x6C08F]:[0x775B0000]:[ntdll.dll]:[0xFFFFFFFF,0x77649E5E,0x0,0x0];
[0x0]:[0x00400000]:[AndroidEmulatorEn.exe]:[0x830D40,0x41550938,0x0,0x0];
MiniDumpType:0;
Time:2024-08-29 02:59:07;
Thread ID:0x00003CA0;
ExceptionAddress:0x14A942;
ExceptionCode:0xE06D7363;
RetAddr:ModName:Args to Child;
[0x14a942]:[0x76600000]:[KERNELBASE.dll]:[0xE06D7363,0x1,0x0,0x7674A942];
[0x49C5]:[0x569D0000]:[VCRUNTIME140.dll]:[0xE06D7363,0x1,0x3,0x191694];
[0x5002A]:[0x00400000]:[AndroidEmulatorEn.exe]:[0x1916B0,0x6989C0,0x61FA50,0x1B129720];
[0x4F35]:[0x569D0000]:[VCRUNTIME140.dll]:[0x22578AA4,0x4FA233,0x1916E0,0xB6D55850];
[0xFAE84]:[0x00400000]:[AndroidEmulatorEn.exe]:[0x10,0x0,0x0,0x191A54];
[0x4FA3A]:[0x6D300000]:[cef_frame.dll]:[0x191790,0x191794,0x191798,0x191A54];
[0x4F01E]:[0x6D300000]:[cef_frame.dll]:[0x10,0x0,0x0,0x191A54];
[0x4A4FD]:[0x6D300000]:[cef_frame.dll]:[0x10,0x0,0x0,0x191A54];
[0x33773]:[0x76120000]:[USER32.dll]:[0x30A70,0x10,0x0,0x0];
[0x24596]:[0x76120000]:[USER32.dll]:[0x6D34A370,0x30A70,0x10,0x0];
[0x22E55]:[0x76120000]:[USER32.dll]:[0x6D34A370,0x0,0x10,0x0];
[0x229A0]:[0x76120000]:[USER32.dll]:[0x10,0x191E54,0x451E97,0x191C28];
[0x51E97]:[0x00400000]:[AndroidEmulatorEn.exe]:[0x191C28,0xFFFFFFFF,0xA6C26F0,0x30A70];
[0x74805]:[0x00400000]:[AndroidEmulatorEn.exe]:[0x1,0x4C,0x69614D43,0x6E6F436E];
[0x593D7]:[0x00400000]:[AndroidEmulatorEn.exe]:[0xA6C26F0,0xB6D56ED8,0x0,0x6062F8];
[0x1C2F78]:[0x00400000]:[AndroidEmulatorEn.exe]:[0x400000,0x0,0x1205F30,0xA];
[0x8E5021]:[0x00400000]:[AndroidEmulatorEn.exe]:[0x2440975A,0x400000,0x10A8,0x76470000];
[0x499A0]:[0x77BE0000]:[ntdll.dll]:[0x19E8AC,0x77C5C6C0,0x19E8EC,0x1A00FC];
[0x17BA9]:[0x76470000]:[KERNEL32.DLL]:[0x338000,0x76487B90,0x19FFDC,0x77C4C10B];
[0x6C10B]:[0x77BE0000]:[ntdll.dll]:[0x338000,0x130C0AEE,0x0,0x0];
[0x6C08F]:[0x77BE0000]:[ntdll.dll]:[0xFFFFFFFF,0x77C79E7F,0x0,0x0];
[0x0]:[0x00400000]:[AndroidEmulatorEn.exe]:[0x7E457F,0x338000,0x0,0x78746341];
MiniDumpType:0;
Time:2024-08-31 06:52:09;
Thread ID:0x000024B0;
ExceptionAddress:0x65C0FC;
ExceptionCode:0xC0000005;
RetAddr:ModName:Args to Child;
[0x65c0fc]:[0x27830000]:[UnknownModule]:[0x4FAE84,0x10,0x0,0x0];
[0xFAE84]:[0x00400000]:[AndroidEmulatorEn.exe]:[0x10,0x0,0x0,0x191A54];
[0x4FA3A]:[0x703C0000]:[cef_frame.dll]:[0x191790,0x191794,0x191798,0x191A54];
[0x4F01E]:[0x703C0000]:[cef_frame.dll]:[0x10,0x0,0x0,0x191A54];
[0x4A4FD]:[0x703C0000]:[cef_frame.dll]:[0x10,0x0,0x0,0x191A54];
[0x33773]:[0x76040000]:[USER32.dll]:[0x13084C,0x10,0x0,0x0];
[0x24596]:[0x76040000]:[USER32.dll]:[0x7040A370,0x13084C,0x10,0x0];
[0x22E55]:[0x76040000]:[USER32.dll]:[0x7040A370,0x0,0x10,0x0];
[0x229A0]:[0x76040000]:[USER32.dll]:[0x10,0x191E54,0x451E97,0x191C28];
[0x51E97]:[0x00400000]:[AndroidEmulatorEn.exe]:[0x191C28,0xFFFFFFFF,0x957A1C0,0x13084C];
[0x74805]:[0x00400000]:[AndroidEmulatorEn.exe]:[0x1,0x4E,0x69614D43,0x6E6F436E];
[0x593D7]:[0x00400000]:[AndroidEmulatorEn.exe]:[0x957A1C0,0x7EEDCD80,0x0,0x6062F8];
[0x1C2F78]:[0x00400000]:[AndroidEmulatorEn.exe]:[0x400000,0x0,0x12E5F30,0xA];
[0x8E5021]:[0x00400000]:[AndroidEmulatorEn.exe]:[0x2440975A,0x400000,0x4EF4,0x77030000];
[0x499A0]:[0x777D0000]:[ntdll.dll]:[0x19E8AC,0x7784C6C0,0x19E8EC,0x1A00FC];
[0x17BA9]:[0x77030000]:[KERNEL32.DLL]:[0x320000,0x77047B90,0x19FFDC,0x7783C10B];
[0x6C10B]:[0x777D0000]:[ntdll.dll]:[0x320000,0xA0CD7E6B,0x0,0x0];
[0x6C08F]:[0x777D0000]:[ntdll.dll]:[0xFFFFFFFF,0x77869E5D,0x0,0x0];
[0x0]:[0x00400000]:[AndroidEmulatorEn.exe]:[0x7E457F,0x320000,0x0,0x78746341];
MiniDumpType:0;
Time:2024-09-06 07:49:29;
Thread ID:0x00007CD0;
ExceptionAddress:0x14A942;
ExceptionCode:0xE06D7363;
RetAddr:ModName:Args to Child;
[0x14a942]:[0x75660000]:[KERNELBASE.dll]:[0xE06D7363,0x1,0x0,0x757AA942];
[0x49C5]:[0x613D0000]:[VCRUNTIME140.dll]:[0xE06D7363,0x1,0x3,0x191694];
[0x5002A]:[0x00400000]:[AndroidEmulatorEn.exe]:[0x1916B0,0x6989C0,0x61FA50,0x4F939208];
[0x4F35]:[0x613D0000]:[VCRUNTIME140.dll]:[0x26484054,0x4FA233,0x1916E0,0x44DF8BA7];
[0xFAE84]:[0x00400000]:[AndroidEmulatorEn.exe]:[0x10,0x0,0x0,0x191A54];
[0x4FA3A]:[0x6CDD0000]:[cef_frame.dll]:[0x191790,0x191794,0x191798,0x191A54];
[0x4F01E]:[0x6CDD0000]:[cef_frame.dll]:[0x10,0x0,0x0,0x191A54];
[0x4A4FD]:[0x6CDD0000]:[cef_frame.dll]:[0x10,0x0,0x0,0x191A54];
[0x33773]:[0x75A30000]:[USER32.dll]:[0x860996,0x10,0x0,0x0];
[0x24596]:[0x75A30000]:[USER32.dll]:[0x6CE1A370,0x860996,0x10,0x0];
[0x22E55]:[0x75A30000]:[USER32.dll]:[0x6CE1A370,0x0,0x10,0x0];
[0x229A0]:[0x75A30000]:[USER32.dll]:[0x10,0x191E54,0x451E97,0x191C28];
[0x51E97]:[0x00400000]:[AndroidEmulatorEn.exe]:[0x191C28,0xFFFFFFFF,0x9533460,0x860996];
[0x74805]:[0x00400000]:[AndroidEmulatorEn.exe]:[0x1,0x4E,0x69614D43,0x6E6F436E];
[0x593D7]:[0x00400000]:[AndroidEmulatorEn.exe]:[0x9533460,0x44DFBD2F,0x0,0x6062F8];
[0x1C2F78]:[0x00400000]:[AndroidEmulatorEn.exe]:[0x400000,0x0,0x1205FA8,0xA];
[0x8E5021]:[0x00400000]:[AndroidEmulatorEn.exe]:[0x2440975A,0x400000,0x8024,0x75CB0000];
[0x499A0]:[0x77370000]:[ntdll.dll]:[0x19E8AC,0x773EC6C0,0x19E8EC,0x1A00FC];
[0x17BA9]:[0x75CB0000]:[KERNEL32.DLL]:[0x3E9000,0x75CC7B90,0x19FFDC,0x773DC10B];
[0x6C10B]:[0x77370000]:[ntdll.dll]:[0x3E9000,0xA2A9A2DF,0x0,0x0];
[0x6C08F]:[0x77370000]:[ntdll.dll]:[0xFFFFFFFF,0x77409E69,0x0,0x0];
[0x0]:[0x00400000]:[AndroidEmulatorEn.exe]:[0x7E457F,0x3E9000,0x0,0x78746341];
